<?xml version="1.0" encoding="UTF-8"?>
<!-- Generated by org.testng.reporters.JUnitXMLReporter -->
<testsuite ignored="0" hostname="DESKTOP-AONVHJR" failures="0" tests="4" name="Test" time="13.143" errors="0" timestamp="2023-04-04T23:34:59 IST">
  <testcase classname="test_class.Get_tc1" name="orchestrator" time="5.062"/>
  <testcase classname="test_class.Patch_tc1" name="orchestrator" time="3.295"/>
  <testcase classname="test_class.Put_tc1" name="orchestrator" time="2.325"/>
  <testcase classname="test_class.Post_tc1" name="orchestrator" time="2.228"/>
</testsuite> <!-- Test -->
