<?xml version="1.0" encoding="UTF-8"?>
<testng-results ignored="0" total="4" passed="4" failed="0" skipped="0">
  <reporter-output>
  </reporter-output>
  <suite started-at="2023-04-04T23:34:46 IST" name="Suite" finished-at="2023-04-04T23:34:59 IST" duration-ms="13143">
    <groups>
    </groups>
    <test started-at="2023-04-04T23:34:46 IST" name="Test" finished-at="2023-04-04T23:34:59 IST" duration-ms="13143">
      <class name="test_class.Post_tc1">
        <test-method signature="orchestrator()[pri:0, instance:test_class.Post_tc1@59cba5a]" started-at="2023-04-04T23:34:56 IST" name="orchestrator" finished-at="2023-04-04T23:34:59 IST" duration-ms="2228" status="PASS">
          <reporter-output>
          </reporter-output>
        </test-method> <!-- orchestrator -->
      </class> <!-- test_class.Post_tc1 -->
      <class name="test_class.Put_tc1">
        <test-method signature="orchestrator()[pri:0, instance:test_class.Put_tc1@4397ad89]" started-at="2023-04-04T23:34:54 IST" name="orchestrator" finished-at="2023-04-04T23:34:56 IST" duration-ms="2325" status="PASS">
          <reporter-output>
          </reporter-output>
        </test-method> <!-- orchestrator -->
      </class> <!-- test_class.Put_tc1 -->
      <class name="test_class.Patch_tc1">
        <test-method signature="orchestrator()[pri:0, instance:test_class.Patch_tc1@341814d3]" started-at="2023-04-04T23:34:51 IST" name="orchestrator" finished-at="2023-04-04T23:34:54 IST" duration-ms="3295" status="PASS">
          <reporter-output>
          </reporter-output>
        </test-method> <!-- orchestrator -->
      </class> <!-- test_class.Patch_tc1 -->
      <class name="test_class.Get_tc1">
        <test-method signature="orchestrator()[pri:0, instance:test_class.Get_tc1@6d07a63d]" started-at="2023-04-04T23:34:46 IST" name="orchestrator" finished-at="2023-04-04T23:34:51 IST" duration-ms="5062" status="PASS">
          <reporter-output>
          </reporter-output>
        </test-method> <!-- orchestrator -->
      </class> <!-- test_class.Get_tc1 -->
    </test> <!-- Test -->
  </suite> <!-- Suite -->
</testng-results>
